0 info it worked if it ends with ok
1 verbose cli [ 'G:\\Program Files\\nodejs\\node.exe',
1 verbose cli   'G:\\Program Files\\nodejs\\node_modules\\npm\\bin\\npm-cli.js',
1 verbose cli   'install',
1 verbose cli   '--save',
1 verbose cli   'loadash' ]
2 info using npm@2.14.3
3 info using node@v4.1.0
4 verbose install initial load of C:\assignmentfinal\backend\package.json
5 warn package.json server@1.0.0 No description
6 warn package.json server@1.0.0 No repository field.
7 warn package.json server@1.0.0 No README data
8 verbose installManyTop reading scoped package data from C:\assignmentfinal\backend\node_modules\body-parser\package.json
9 verbose installManyTop reading scoped package data from C:\assignmentfinal\backend\node_modules\express\package.json
10 verbose installManyTop reading scoped package data from C:\assignmentfinal\backend\node_modules\mongoose\package.json
11 verbose installManyTop reading scoped package data from C:\assignmentfinal\backend\node_modules\node-restful\package.json
12 info package.json node-restful@0.2.2 No license field.
13 verbose readDependencies loading dependencies from C:\assignmentfinal\backend\package.json
14 silly cache add args [ 'loadash', null ]
15 verbose cache add spec loadash
16 silly cache add parsed spec Result {
16 silly cache add   raw: 'loadash',
16 silly cache add   scope: null,
16 silly cache add   name: 'loadash',
16 silly cache add   rawSpec: '',
16 silly cache add   spec: '*',
16 silly cache add   type: 'range' }
17 silly addNamed loadash@*
18 verbose addNamed "*" is a valid semver range for loadash
19 silly addNameRange { name: 'loadash', range: '*', hasData: false }
20 silly mapToRegistry name loadash
21 silly mapToRegistry using default registry
22 silly mapToRegistry registry https://registry.npmjs.org/
23 silly mapToRegistry uri https://registry.npmjs.org/loadash
24 verbose addNameRange registry:https://registry.npmjs.org/loadash not in flight; fetching
25 verbose request uri https://registry.npmjs.org/loadash
26 verbose request no auth needed
27 info attempt registry request try #1 at 9:48:53 PM
28 verbose request id 017c499b84cd5d03
29 http request GET https://registry.npmjs.org/loadash
30 http 404 https://registry.npmjs.org/loadash
31 verbose headers { 'content-type': 'application/json',
31 verbose headers   'cache-control': 'max-age=0',
31 verbose headers   'content-length': '2',
31 verbose headers   'accept-ranges': 'bytes',
31 verbose headers   date: 'Tue, 13 Oct 2015 20:48:53 GMT',
31 verbose headers   via: '1.1 varnish',
31 verbose headers   age: '0',
31 verbose headers   connection: 'keep-alive',
31 verbose headers   'x-served-by': 'cache-lhr6324-LHR',
31 verbose headers   'x-cache': 'MISS',
31 verbose headers   'x-cache-hits': '0',
31 verbose headers   'x-timer': 'S1444769333.796074,VS0,VE177' }
32 silly get cb [ 404,
32 silly get   { 'content-type': 'application/json',
32 silly get     'cache-control': 'max-age=0',
32 silly get     'content-length': '2',
32 silly get     'accept-ranges': 'bytes',
32 silly get     date: 'Tue, 13 Oct 2015 20:48:53 GMT',
32 silly get     via: '1.1 varnish',
32 silly get     age: '0',
32 silly get     connection: 'keep-alive',
32 silly get     'x-served-by': 'cache-lhr6324-LHR',
32 silly get     'x-cache': 'MISS',
32 silly get     'x-cache-hits': '0',
32 silly get     'x-timer': 'S1444769333.796074,VS0,VE177' } ]
33 verbose stack Error: Registry returned 404 for GET on https://registry.npmjs.org/loadash
33 verbose stack     at makeError (G:\Program Files\nodejs\node_modules\npm\node_modules\npm-registry-client\lib\request.js:263:12)
33 verbose stack     at CachingRegistryClient.<anonymous> (G:\Program Files\nodejs\node_modules\npm\node_modules\npm-registry-client\lib\request.js:241:14)
33 verbose stack     at Request._callback (G:\Program Files\nodejs\node_modules\npm\node_modules\npm-registry-client\lib\request.js:171:14)
33 verbose stack     at Request.self.callback (G:\Program Files\nodejs\node_modules\npm\node_modules\request\request.js:198:22)
33 verbose stack     at emitTwo (events.js:87:13)
33 verbose stack     at Request.emit (events.js:172:7)
33 verbose stack     at Request.<anonymous> (G:\Program Files\nodejs\node_modules\npm\node_modules\request\request.js:1073:14)
33 verbose stack     at emitOne (events.js:82:20)
33 verbose stack     at Request.emit (events.js:169:7)
33 verbose stack     at IncomingMessage.<anonymous> (G:\Program Files\nodejs\node_modules\npm\node_modules\request\request.js:1019:12)
34 verbose statusCode 404
35 verbose pkgid loadash
36 verbose cwd C:\assignmentfinal\backend
37 error Windows_NT 6.1.7601
38 error argv "G:\\Program Files\\nodejs\\node.exe" "G:\\Program Files\\nodejs\\node_modules\\npm\\bin\\npm-cli.js" "install" "--save" "loadash"
39 error node v4.1.0
40 error npm  v2.14.3
41 error code E404
42 error 404 Registry returned 404 for GET on https://registry.npmjs.org/loadash
42 error 404
42 error 404 'loadash' is not in the npm registry.
42 error 404 You should bug the author to publish it (or use the name yourself!)
42 error 404 It was specified as a dependency of 'server'
42 error 404
42 error 404 Note that you can also install from a
42 error 404 tarball, folder, http url, or git url.
43 verbose exit [ 1, true ]
